============================= test session starts =============================
platform win32 -- Python 3.13.3, pytest-8.2.2, pluggy-1.6.0 -- C:\Users\User\AppData\Local\Programs\Python\Python313\python.exe
cachedir: .pytest_cache
rootdir: C:\Users\User\Documents\research-assistant
configfile: pytest.ini
plugins: anyio-4.13.0, asyncio-0.23.7, cov-5.0.0, httpx-0.35.0, respx-0.23.1
asyncio: mode=Mode.AUTO
collecting ... collected 127 items

tests/test_ai_smoke.py::test_source_rejects_invalid_origin PASSED        [  0%]
tests/test_ai_smoke.py::test_source_rejects_empty_title PASSED           [  1%]
tests/test_ai_smoke.py::test_source_is_frozen PASSED                     [  2%]
tests/test_ai_smoke.py::test_synthesize_returns_answer_with_citations PASSED [  3%]
tests/test_ai_smoke.py::test_synthesize_drops_out_of_range_citations PASSED [  3%]
tests/test_ai_smoke.py::test_synthesize_handles_no_citations_in_answer PASSED [  4%]
tests/test_ai_smoke.py::test_synthesize_rejects_empty_question PASSED    [  5%]
tests/test_ai_smoke.py::test_synthesize_rejects_empty_sources PASSED     [  6%]
tests/test_ai_smoke.py::test_synthesize_passes_sources_to_prompt PASSED  [  7%]
tests/test_ai_smoke.py::test_extract_cited_indices_handles_grouped_citations PASSED [  7%]
tests/test_ai_smoke.py::test_extract_cited_indices_dedupes_and_sorts PASSED [  8%]
tests/test_ai_smoke.py::test_fetch_web_uses_provider PASSED              [  9%]
tests/test_ai_smoke.py::test_fetch_web_empty_query_short_circuits PASSED [ 10%]
tests/test_ai_smoke.py::test_parse_arxiv_atom_extracts_entries PASSED    [ 11%]
tests/test_ai_smoke.py::test_parse_arxiv_atom_empty_feed PASSED          [ 11%]
tests/test_ai_smoke.py::test_source_rejects_extra_fields PASSED          [ 12%]
tests/test_cache.py::test_cache_miss_on_empty PASSED                     [ 13%]
tests/test_cache.py::test_cache_roundtrip PASSED                         [ 14%]
tests/test_cache.py::test_cache_canonicalises_query PASSED               [ 14%]
tests/test_cache.py::test_cache_different_sources_independent PASSED     [ 15%]
tests/test_cache.py::test_cache_clear PASSED                             [ 16%]
tests/test_cache.py::test_cache_expiry PASSED                            [ 17%]
tests/test_cache.py::test_cache_zero_ttl_never_expires PASSED            [ 18%]
tests/test_cli.py::test_cli_help PASSED                                  [ 18%]
tests/test_cli.py::test_ask_help PASSED                                  [ 19%]
tests/test_cli.py::test_ask_empty_question PASSED                        [ 20%]
tests/test_cli.py::test_ask_bad_source PASSED                            [ 21%]
tests/test_cli.py::test_ask_runs_offline PASSED                          [ 22%]
tests/test_cli.py::test_ask_json_output PASSED                           [ 22%]
tests/test_cli.py::test_ask_no_cache_flag PASSED                         [ 23%]
tests/test_cli.py::test_ask_init_db_called PASSED                        [ 24%]
tests/test_cli.py::test_render_result_strips_ansi PASSED                 [ 25%]
tests/test_cli.py::test_history_no_db PASSED                             [ 25%]
tests/test_cli.py::test_history_shows_sessions PASSED                    [ 26%]
tests/test_cli.py::test_history_init_db_called PASSED                    [ 27%]
tests/test_concurrency.py::test_all_succeed PASSED                       [ 28%]
tests/test_concurrency.py::test_one_fails_others_complete PASSED         [ 29%]
tests/test_concurrency.py::test_semaphore_limits_concurrency PASSED      [ 29%]
tests/test_concurrency.py::test_empty_pipeline PASSED                    [ 30%]
tests/test_concurrency.py::test_fetch_sources_all_succeed PASSED         [ 31%]
tests/test_concurrency.py::test_fetch_sources_subset PASSED              [ 32%]
tests/test_concurrency.py::test_fetch_sources_graceful_degradation PASSED [ 33%]
tests/test_concurrency.py::test_fetch_sources_all_fail PASSED            [ 33%]
tests/test_http_mocking.py::test_fetch_wikipedia_correct_search_url PASSED [ 34%]
tests/test_http_mocking.py::test_fetch_wikipedia_returns_parsed_sources PASSED [ 35%]
tests/test_http_mocking.py::test_fetch_wikipedia_empty_query_returns_empty PASSED [ 36%]
tests/test_http_mocking.py::test_fetch_wikipedia_http_500_raises PASSED  [ 37%]
tests/test_http_mocking.py::test_fetch_wikipedia_summary_404_skipped PASSED [ 37%]
tests/test_http_mocking.py::test_fetch_arxiv_correct_url PASSED          [ 38%]
tests/test_http_mocking.py::test_fetch_arxiv_parses_atom_correctly PASSED [ 39%]
tests/test_http_mocking.py::test_fetch_arxiv_empty_query_returns_empty PASSED [ 40%]
tests/test_http_mocking.py::test_fetch_arxiv_max_results_respected PASSED [ 40%]
tests/test_http_mocking.py::test_fetch_arxiv_http_500_raises PASSED      [ 41%]
tests/test_http_mocking.py::test_fetch_arxiv_connection_error PASSED     [ 42%]
tests/test_http_mocking.py::test_fetch_arxiv_malformed_xml_raises PASSED [ 43%]
tests/test_http_mocking.py::test_fetch_arxiv_empty_feed_returns_empty_list PASSED [ 44%]
tests/test_http_mocking.py::test_ai_service_fetch_arxiv_retries_on_connection_error PASSED [ 44%]
tests/test_http_mocking.py::test_ai_service_fetch_wikipedia_retries_on_connection_error PASSED [ 45%]
tests/test_http_mocking.py::test_synthesize_is_now_async PASSED          [ 46%]
tests/test_http_mocking.py::test_synthesize_uses_shared_executor PASSED  [ 47%]
tests/test_http_mocking.py::test_synthesize_retries_on_provider_error PASSED [ 48%]
tests/test_http_mocking.py::test_synthesize_raises_after_max_attempts PASSED [ 48%]
tests/test_logging_config.py::test_setup_logging_configures_root_level PASSED [ 49%]
tests/test_logging_config.py::test_setup_logging_idempotent PASSED       [ 50%]
tests/test_logging_config.py::test_setup_logging_default_is_info PASSED  [ 51%]
tests/test_logging_config.py::test_setup_logging_case_insensitive PASSED [ 51%]
tests/test_models.py::test_valid_request PASSED                          [ 52%]
tests/test_models.py::test_strips_whitespace PASSED                      [ 53%]
tests/test_models.py::test_rejects_empty PASSED                          [ 54%]
tests/test_models.py::test_rejects_whitespace_only PASSED                [ 55%]
tests/test_models.py::test_rejects_too_long PASSED                       [ 55%]
tests/test_models.py::test_max_length_accepted PASSED                    [ 56%]
tests/test_models.py::test_source_filter_wiki PASSED                     [ 57%]
tests/test_models.py::test_source_filter_all PASSED                      [ 58%]
tests/test_models.py::test_no_cache_default_false PASSED                 [ 59%]
tests/test_models.py::test_no_cache_true PASSED                          [ 59%]
tests/test_models.py::test_result_default_empty_lists PASSED             [ 60%]
tests/test_repository.py::test_save_session_returns_none_when_no_pool PASSED [ 61%]
tests/test_repository.py::test_get_sessions_returns_empty_list_when_no_pool PASSED [ 62%]
tests/test_repository.py::test_get_session_returns_none_when_no_pool PASSED [ 62%]
tests/test_repository.py::test_save_session_returns_none_on_db_error PASSED [ 63%]
tests/test_repository.py::test_get_sessions_returns_empty_list_on_db_error PASSED [ 64%]
tests/test_repository.py::test_get_session_returns_none_on_db_error PASSED [ 65%]
tests/test_researcher.py::test_run_research_returns_result PASSED        [ 66%]
tests/test_researcher.py::test_run_research_all_three_sources PASSED     [ 66%]
tests/test_researcher.py::test_run_research_source_filter PASSED         [ 67%]
tests/test_researcher.py::test_run_research_caches_results PASSED        [ 68%]
tests/test_researcher.py::test_run_research_no_cache_bypasses PASSED     [ 69%]
tests/test_researcher.py::test_no_cache_does_not_populate_cache PASSED   [ 70%]
tests/test_researcher.py::test_run_research_degraded_when_source_fails PASSED [ 70%]
tests/test_researcher.py::test_normalize_query_strips_question_prefix PASSED [ 71%]
tests/test_researcher.py::test_normalize_query_equivalent_forms_same_key PASSED [ 72%]
tests/test_researcher.py::test_normalize_query_fallback_when_everything_stripped PASSED [ 73%]
tests/test_researcher.py::test_cache_hit_across_equivalent_questions PASSED [ 74%]
tests/test_researcher.py::test_request_rejects_empty_question PASSED     [ 74%]
tests/test_researcher.py::test_request_rejects_whitespace_question PASSED [ 75%]
tests/test_researcher.py::test_request_rejects_overlength_question PASSED [ 76%]
tests/test_service.py::test_synthesize_returns_answer PASSED             [ 77%]
tests/test_service.py::test_synthesize_records_citations PASSED          [ 77%]
tests/test_service.py::test_synthesize_rejects_empty_question PASSED     [ 78%]
tests/test_service.py::test_synthesize_rejects_empty_sources PASSED      [ 79%]
tests/test_service.py::test_synthesize_max_tokens_cap_applied PASSED     [ 80%]
tests/test_service.py::test_fetch_wikipedia_returns_sources PASSED       [ 81%]
tests/test_service.py::test_fetch_arxiv_returns_sources PASSED           [ 81%]
tests/test_service.py::test_fetch_web_returns_sources PASSED             [ 82%]
tests/test_service.py::test_fetch_wikipedia_retries_on_transient_error PASSED [ 83%]
tests/test_service.py::test_fetch_arxiv_retries_on_transient_error PASSED [ 84%]
tests/test_service.py::test_fetch_wikipedia_raises_after_max_attempts PASSED [ 85%]
tests/test_storage.py::test_save_session_returns_id PASSED               [ 85%]
tests/test_storage.py::test_save_multiple_sessions PASSED                [ 86%]
tests/test_storage.py::test_get_sessions_returns_most_recent_first PASSED [ 87%]
tests/test_storage.py::test_get_sessions_empty_on_fresh_repo PASSED      [ 88%]
tests/test_storage.py::test_get_session_found PASSED                     [ 88%]
tests/test_storage.py::test_get_session_missing_returns_none PASSED      [ 89%]
tests/test_storage.py::test_real_repo_save_session_returns_id PASSED     [ 90%]
tests/test_storage.py::test_real_repo_save_session_serialises_json PASSED [ 91%]
tests/test_storage.py::test_real_repo_get_sessions_returns_rows PASSED   [ 92%]
tests/test_storage.py::test_real_repo_get_session_found PASSED           [ 92%]
tests/test_storage.py::test_real_repo_get_session_not_found PASSED       [ 93%]
tests/test_storage.py::test_save_session_returns_none_on_db_error PASSED [ 94%]
tests/test_storage.py::test_get_sessions_returns_empty_on_db_error PASSED [ 95%]
tests/test_storage.py::test_get_session_returns_none_on_db_error PASSED  [ 96%]
tests/test_storage.py::test_init_db_does_not_raise_on_connection_error PASSED [ 96%]
tests/test_storage.py::test_init_db_executes_ddl PASSED                  [ 97%]
tests/test_storage.py::test_pool_connection_reused_across_calls PASSED   [ 98%]
tests/test_web_provider.py::test_items_to_sources_normalizes_keys PASSED [ 99%]
tests/test_web_provider.py::test_resilient_ddg_falls_back_to_next_backend PASSED [100%]

============================== warnings summary ===============================
tests/test_web_provider.py::test_resilient_ddg_falls_back_to_next_backend
  C:\Users\User\AppData\Local\Programs\Python\Python313\Lib\site-packages\pytest_asyncio\plugin.py:809: DeprecationWarning: There is no current event loop
    loop = policy.get_event_loop()

tests/test_web_provider.py::test_resilient_ddg_falls_back_to_next_backend
  C:\Users\User\AppData\Local\Programs\Python\Python313\Lib\site-packages\pytest_asyncio\plugin.py:814: DeprecationWarning: pytest-asyncio detected an unclosed event loop when tearing down the event_loop
  fixture: <_WindowsSelectorEventLoop running=False closed=False debug=False>
  pytest-asyncio will close the event loop for you, but future versions of the
  library will no longer do so. In order to ensure compatibility with future
  versions, please make sure that:
      1. Any custom "event_loop" fixture properly closes the loop after yielding it
      2. The scopes of your custom "event_loop" fixtures do not overlap
      3. Your code does not modify the event loop in async fixtures or tests
  
    warnings.warn(

-- Docs: https://docs.pytest.org/en/stable/how-to/capture-warnings.html
====================== 127 passed, 2 warnings in 49.19s =======================
